Using pre-set license
Built from '2020.3/staging' branch; Version is '2020.3.6f1 (338bb68529b2) revision 3378102'; Using compiler version '192528614'; Build Type 'Release'
OS: 'Windows 10 Home Single Language; OS build 19042.1110; Version 2009; 64bit' Language: 'en' Physical Memory: 8101 MB
BatchMode: 1, IsHumanControllingUs: 0, StartBugReporterOnCrash: 0, Is64bit: 1, IsPro: 0

 COMMAND LINE ARGUMENTS:
C:\Program Files\Unity\Hub\Editor\2020.3.6f1\Editor\Unity.exe
-adb2
-batchMode
-noUpm
-name
AssetImportWorker0
-projectPath
D:/BallGame2
-logFile
Logs/AssetImportWorker0.log
-srvPort
56524
Successfully changed project path to: D:/BallGame2
D:/BallGame2
Using Asset Import Pipeline V2.
Refreshing native plugins compatible for Editor in 43.15 ms, found 1 plugins.
Preloading 0 native plugins for Editor in 0.00 ms.
Initialize engine version: 2020.3.6f1 (338bb68529b2)
[Subsystems] Discovering subsystems at path C:/Program Files/Unity/Hub/Editor/2020.3.6f1/Editor/Data/Resources/UnitySubsystems
[Subsystems] Discovering subsystems at path D:/BallGame2/Assets
GfxDevice: creating device client; threaded=0
Direct3D:
    Version:  Direct3D 11.0 [level 11.0]
    Renderer: NVIDIA GeForce 920MX (ID=0x134f)
    Vendor:   
    VRAM:     2010 MB
    Driver:   27.21.14.6611
Initialize mono
Mono path[0] = 'C:/Program Files/Unity/Hub/Editor/2020.3.6f1/Editor/Data/Managed'
Mono path[1] = 'C:/Program Files/Unity/Hub/Editor/2020.3.6f1/Editor/Data/MonoBleedingEdge/lib/mono/unityjit'
Mono config path = 'C:/Program Files/Unity/Hub/Editor/2020.3.6f1/Editor/Data/MonoBleedingEdge/etc'
Using monoOptions --debugger-agent=transport=dt_socket,embedding=1,server=y,suspend=n,address=127.0.0.1:56728
Begin MonoManager ReloadAssembly
Registering precompiled unity dll's ...
Register platform support module: C:/Program Files/Unity/Hub/Editor/2020.3.6f1/Editor/Data/PlaybackEngines/WindowsStandaloneSupport/UnityEditor.WindowsStandalone.Extensions.dll
Registered in 0.002543 seconds.
Native extension for WindowsStandalone target not found
Refreshing native plugins compatible for Editor in 42.99 ms, found 1 plugins.
Preloading 0 native plugins for Editor in 0.00 ms.
Mono: successfully reloaded assembly
- Completed reload, in  2.234 seconds
Platform modules already initialized, skipping
Registering precompiled user dll's ...
Registered in 0.000884 seconds.
Begin MonoManager ReloadAssembly
Native extension for WindowsStandalone target not found
Refreshing native plugins compatible for Editor in 43.13 ms, found 1 plugins.
Preloading 0 native plugins for Editor in 0.00 ms.
Mono: successfully reloaded assembly
- Completed reload, in  1.186 seconds
Platform modules already initialized, skipping
========================================================================
Worker process is ready to serve import requests
Launched and connected shader compiler UnityShaderCompiler.exe after 0.06 seconds
Refreshing native plugins compatible for Editor in 0.34 ms, found 1 plugins.
Preloading 0 native plugins for Editor in 0.00 ms.
Unloading 1808 Unused Serialized files (Serialized files now loaded: 0)
System memory in use before: 84.9 MB.
System memory in use after: 84.9 MB.

Unloading 24 unused Assets to reduce memory usage. Loaded Objects now: 2250.
Total: 2.652400 ms (FindLiveObjects: 0.296100 ms CreateObjectMapping: 0.118300 ms MarkObjects: 2.092300 ms  DeleteObjects: 0.143900 ms)

========================================================================
Received Import Request.
  path: Assets/Sprites/tilesets.PNG
  artifactKey: Guid(42d963a40f621244c8ea3f28f77ebaa9) Importer(815301076,1909f56bfc062723c751e8b465ee728b)
Start importing Assets/Sprites/tilesets.PNG using Guid(42d963a40f621244c8ea3f28f77ebaa9) Importer(815301076,1909f56bfc062723c751e8b465ee728b)  -> (artifact id: 'baeae2239c915963b5a5331aac45519b') in 0.163928 seconds
  Import took 0.209478 seconds .

========================================================================
Received Import Request.
  Time since last request: 93.107345 seconds.
  path: Assets/Sprites/tilesets.PNG
  artifactKey: Guid(42d963a40f621244c8ea3f28f77ebaa9) Importer(815301076,1909f56bfc062723c751e8b465ee728b)
Start importing Assets/Sprites/tilesets.PNG using Guid(42d963a40f621244c8ea3f28f77ebaa9) Importer(815301076,1909f56bfc062723c751e8b465ee728b)  -> (artifact id: '05d02b99cbaf80d4f35d7508e704ba1f') in 0.036533 seconds
  Import took 0.041880 seconds .

========================================================================
Received Import Request.
  Time since last request: 0.017757 seconds.
  path: Assets/Sprites/tilesets.PNG
  artifactKey: Guid(42d963a40f621244c8ea3f28f77ebaa9) Importer(815301076,1909f56bfc062723c751e8b465ee728b)
Start importing Assets/Sprites/tilesets.PNG using Guid(42d963a40f621244c8ea3f28f77ebaa9) Importer(815301076,1909f56bfc062723c751e8b465ee728b)  -> (artifact id: '05d02b99cbaf80d4f35d7508e704ba1f') in 0.018126 seconds
  Import took 0.023617 seconds .

========================================================================
Received Import Request.
  Time since last request: 234.262323 seconds.
  path: Assets/Sprites/tilesets.PNG
  artifactKey: Guid(42d963a40f621244c8ea3f28f77ebaa9) Importer(815301076,1909f56bfc062723c751e8b465ee728b)
Start importing Assets/Sprites/tilesets.PNG using Guid(42d963a40f621244c8ea3f28f77ebaa9) Importer(815301076,1909f56bfc062723c751e8b465ee728b)  -> (artifact id: '6f0bc7cbd5904ecaa9cd62d4dfafc224') in 0.113693 seconds
  Import took 0.119027 seconds .

========================================================================
Received Import Request.
  Time since last request: 950.339578 seconds.
  path: Assets/Sprites/Sem Título-2 cópia.png
  artifactKey: Guid(ed2ca12d62086c046a0938d04e3b3c54) Importer(815301076,1909f56bfc062723c751e8b465ee728b)
Start importing Assets/Sprites/Sem Título-2 cópia.png using Guid(ed2ca12d62086c046a0938d04e3b3c54) Importer(815301076,1909f56bfc062723c751e8b465ee728b)  -> (artifact id: '60206e772c0d889a95e7836b3600c09b') in 0.037157 seconds
  Import took 0.046189 seconds .

========================================================================
Received Import Request.
  Time since last request: 46.710267 seconds.
  path: Assets/Sprites/Sem Título-2.png
  artifactKey: Guid(1919ecee7156f0646a16281c1924735d) Importer(815301076,1909f56bfc062723c751e8b465ee728b)
Start importing Assets/Sprites/Sem Título-2.png using Guid(1919ecee7156f0646a16281c1924735d) Importer(815301076,1909f56bfc062723c751e8b465ee728b)  -> (artifact id: '2b32df4d91841efd1a4db88e354f6c2a') in 0.040540 seconds
  Import took 0.050794 seconds .

========================================================================
Received Import Request.
  Time since last request: 0.005495 seconds.
  path: Assets/Sprites/Sem Título-2.png
  artifactKey: Guid(1919ecee7156f0646a16281c1924735d) Importer(815301076,1909f56bfc062723c751e8b465ee728b)
Start importing Assets/Sprites/Sem Título-2.png using Guid(1919ecee7156f0646a16281c1924735d) Importer(815301076,1909f56bfc062723c751e8b465ee728b)  -> (artifact id: '2b32df4d91841efd1a4db88e354f6c2a') in 0.021328 seconds
  Import took 0.032677 seconds .

========================================================================
Received Import Request.
  Time since last request: 9.644995 seconds.
  path: Assets/Sprites/Sem Título-2.png
  artifactKey: Guid(1919ecee7156f0646a16281c1924735d) Importer(815301076,1909f56bfc062723c751e8b465ee728b)
Start importing Assets/Sprites/Sem Título-2.png using Guid(1919ecee7156f0646a16281c1924735d) Importer(815301076,1909f56bfc062723c751e8b465ee728b)  -> (artifact id: '8bc8fdd012a4f706c4f13c2187ff3e5b') in 0.023314 seconds
  Import took 0.028035 seconds .

========================================================================
Received Import Request.
  Time since last request: 6.073463 seconds.
  path: Assets/Sprites/Sem Título-2.png
  artifactKey: Guid(1919ecee7156f0646a16281c1924735d) Importer(815301076,1909f56bfc062723c751e8b465ee728b)
Start importing Assets/Sprites/Sem Título-2.png using Guid(1919ecee7156f0646a16281c1924735d) Importer(815301076,1909f56bfc062723c751e8b465ee728b)  -> (artifact id: '0d0832f206625fb1d948e36cc2eb9ef3') in 0.098549 seconds
  Import took 0.104222 seconds .

========================================================================
Received Import Request.
  Time since last request: 83.336230 seconds.
  path: Assets/Sprites/Sem Título-2_5.asset
  artifactKey: Guid(0e2636d267ec39b4c9e753ceeeccd0d6) Importer(815301076,1909f56bfc062723c751e8b465ee728b)
Start importing Assets/Sprites/Sem Título-2_5.asset using Guid(0e2636d267ec39b4c9e753ceeeccd0d6) Importer(815301076,1909f56bfc062723c751e8b465ee728b)  -> (artifact id: 'daf85646ae54bd8218c47e456492a3b9') in 0.071392 seconds
  Import took 0.076170 seconds .

========================================================================
Received Import Request.
  Time since last request: 169.373505 seconds.
  path: Assets/Sprites/Sem Título-2.png
  artifactKey: Guid(1919ecee7156f0646a16281c1924735d) Importer(815301076,1909f56bfc062723c751e8b465ee728b)
Start importing Assets/Sprites/Sem Título-2.png using Guid(1919ecee7156f0646a16281c1924735d) Importer(815301076,1909f56bfc062723c751e8b465ee728b)  -> (artifact id: '00f7e68e3e4d18bb39630d76ab551598') in 0.067841 seconds
  Import took 0.073149 seconds .

========================================================================
Received Import Request.
  Time since last request: 2.429083 seconds.
  path: Assets/Sprites/enviroment
  artifactKey: Guid(8767e914396873c41a922ff5f68c612b) Importer(815301076,1909f56bfc062723c751e8b465ee728b)
Start importing Assets/Sprites/enviroment using Guid(8767e914396873c41a922ff5f68c612b) Importer(815301076,1909f56bfc062723c751e8b465ee728b)  -> (artifact id: '2e3e1732e11b6247dd99fd6e3508c4ac') in 0.012573 seconds
  Import took 0.018145 seconds .

========================================================================
Received Import Request.
  Time since last request: 0.571980 seconds.
  path: Assets/Sprites/enviroment/Tilesets
  artifactKey: Guid(d5c11e94db4823c448da9d693614b34d) Importer(815301076,1909f56bfc062723c751e8b465ee728b)
Start importing Assets/Sprites/enviroment/Tilesets using Guid(d5c11e94db4823c448da9d693614b34d) Importer(815301076,1909f56bfc062723c751e8b465ee728b)  -> (artifact id: '04b15db2291906a8d118aff5bfae1026') in 0.011170 seconds
  Import took 0.015948 seconds .

========================================================================
Received Import Request.
  Time since last request: 0.045970 seconds.
  path: Assets/Sprites/enviroment/Tilesets/New Palette.prefab
  artifactKey: Guid(e77ba21b80097404abdf9cf40e2cc10a) Importer(815301076,1909f56bfc062723c751e8b465ee728b)
Start importing Assets/Sprites/enviroment/Tilesets/New Palette.prefab using Guid(e77ba21b80097404abdf9cf40e2cc10a) Importer(815301076,1909f56bfc062723c751e8b465ee728b)  -> (artifact id: '5af350fd93994db2c2db0301657d24af') in 0.020623 seconds
  Import took 0.024846 seconds .

========================================================================
Received Import Request.
  Time since last request: 0.000317 seconds.
  path: Assets/Sprites/enviroment/Tilesets/Sem Título-2_5.asset
  artifactKey: Guid(ba63b7fe013a3a548a9ed7c833b6fb3e) Importer(815301076,1909f56bfc062723c751e8b465ee728b)
Start importing Assets/Sprites/enviroment/Tilesets/Sem Título-2_5.asset using Guid(ba63b7fe013a3a548a9ed7c833b6fb3e) Importer(815301076,1909f56bfc062723c751e8b465ee728b)  -> (artifact id: '21d68b8f191cf475ab648b8a048f32f4') in 0.014370 seconds
  Import took 0.021848 seconds .

========================================================================
Received Import Request.
  Time since last request: 0.000251 seconds.
  path: Assets/Sprites/enviroment/Tilesets/Sem Título-2_4.asset
  artifactKey: Guid(cd539b8b73ef39648b55749b34465b99) Importer(815301076,1909f56bfc062723c751e8b465ee728b)
Start importing Assets/Sprites/enviroment/Tilesets/Sem Título-2_4.asset using Guid(cd539b8b73ef39648b55749b34465b99) Importer(815301076,1909f56bfc062723c751e8b465ee728b)  -> (artifact id: 'b2d3b8b8967f656b0b78b579eb808313') in 0.022015 seconds
  Import took 0.026794 seconds .

========================================================================
Received Import Request.
  Time since last request: 0.000228 seconds.
  path: Assets/Sprites/enviroment/Tilesets/Sem Título-2_1.asset
  artifactKey: Guid(4f1ca50cd4a41b942b34e847353d2ecc) Importer(815301076,1909f56bfc062723c751e8b465ee728b)
Start importing Assets/Sprites/enviroment/Tilesets/Sem Título-2_1.asset using Guid(4f1ca50cd4a41b942b34e847353d2ecc) Importer(815301076,1909f56bfc062723c751e8b465ee728b)  -> (artifact id: '452d3a7cf93cf4afeb4de3879d5b2edd') in 0.024769 seconds
  Import took 0.032027 seconds .

========================================================================
Received Import Request.
  Time since last request: 0.000250 seconds.
  path: Assets/Sprites/enviroment/Tilesets/Sem Título-2_2.asset
  artifactKey: Guid(b6941dd45c5204a48a806b477eafdd6c) Importer(815301076,1909f56bfc062723c751e8b465ee728b)
Start importing Assets/Sprites/enviroment/Tilesets/Sem Título-2_2.asset using Guid(b6941dd45c5204a48a806b477eafdd6c) Importer(815301076,1909f56bfc062723c751e8b465ee728b)  -> (artifact id: 'c5e9b0b17e0b221c6a4135cf1c434511') in 0.036354 seconds
  Import took 0.045134 seconds .

========================================================================
Received Import Request.
  Time since last request: 0.000281 seconds.
  path: Assets/Sprites/enviroment/Tilesets/Sem Título-2_6.asset
  artifactKey: Guid(7feb118a883051a44b529cb917bbb562) Importer(815301076,1909f56bfc062723c751e8b465ee728b)
Start importing Assets/Sprites/enviroment/Tilesets/Sem Título-2_6.asset using Guid(7feb118a883051a44b529cb917bbb562) Importer(815301076,1909f56bfc062723c751e8b465ee728b)  -> (artifact id: 'ced614a64fc8f2e6858be19679cff071') in 0.024091 seconds
  Import took 0.028784 seconds .

========================================================================
Received Import Request.
  Time since last request: 0.000426 seconds.
  path: Assets/Sprites/enviroment/Tilesets/Sem Título-2_0.asset
  artifactKey: Guid(d0b7a5334d2f3324387c65ff3ec7de28) Importer(815301076,1909f56bfc062723c751e8b465ee728b)
Start importing Assets/Sprites/enviroment/Tilesets/Sem Título-2_0.asset using Guid(d0b7a5334d2f3324387c65ff3ec7de28) Importer(815301076,1909f56bfc062723c751e8b465ee728b)  -> (artifact id: '6c55172cb9b90e468980fb326c47e025') in 0.019695 seconds
  Import took 0.025660 seconds .

========================================================================
Received Import Request.
  Time since last request: 45.985518 seconds.
  path: Assets/Sprites/enviroment/Tilesets/New Palette.prefab
  artifactKey: Guid(e77ba21b80097404abdf9cf40e2cc10a) Importer(815301076,1909f56bfc062723c751e8b465ee728b)
Start importing Assets/Sprites/enviroment/Tilesets/New Palette.prefab using Guid(e77ba21b80097404abdf9cf40e2cc10a) Importer(815301076,1909f56bfc062723c751e8b465ee728b)  -> (artifact id: '85054c22fab3ac1d44c52dfe8c00bcc8') in 0.053558 seconds
  Import took 0.108248 seconds .

========================================================================
Received Import Request.
  Time since last request: 26.397682 seconds.
  path: Assets/Sprites/Sem Título-2_4.asset
  artifactKey: Guid(8091a8bd4331bfc4ab90bd0d0007e1e4) Importer(815301076,1909f56bfc062723c751e8b465ee728b)
Start importing Assets/Sprites/Sem Título-2_4.asset using Guid(8091a8bd4331bfc4ab90bd0d0007e1e4) Importer(815301076,1909f56bfc062723c751e8b465ee728b)  -> (artifact id: '25cfac139d2ae7ebcd0fbfd43cd49681') in 0.017246 seconds
  Import took 0.033291 seconds .

AssetImportWorkerClient::OnTransportError - code=2 error=End of file
