Using pre-set license
Built from '2020.3/staging' branch; Version is '2020.3.6f1 (338bb68529b2) revision 3378102'; Using compiler version '192528614'; Build Type 'Release'
OS: 'Windows 10 Home Single Language; OS build 19042.1110; Version 2009; 64bit' Language: 'en' Physical Memory: 8101 MB
BatchMode: 1, IsHumanControllingUs: 0, StartBugReporterOnCrash: 0, Is64bit: 1, IsPro: 0

 COMMAND LINE ARGUMENTS:
C:\Program Files\Unity\Hub\Editor\2020.3.6f1\Editor\Unity.exe
-adb2
-batchMode
-noUpm
-name
AssetImportWorker0
-projectPath
D:/BallGame2
-logFile
Logs/AssetImportWorker0.log
-srvPort
56062
Successfully changed project path to: D:/BallGame2
D:/BallGame2
Using Asset Import Pipeline V2.
Refreshing native plugins compatible for Editor in 45.57 ms, found 1 plugins.
Preloading 0 native plugins for Editor in 0.00 ms.
Initialize engine version: 2020.3.6f1 (338bb68529b2)
[Subsystems] Discovering subsystems at path C:/Program Files/Unity/Hub/Editor/2020.3.6f1/Editor/Data/Resources/UnitySubsystems
[Subsystems] Discovering subsystems at path D:/BallGame2/Assets
GfxDevice: creating device client; threaded=0
Direct3D:
    Version:  Direct3D 11.0 [level 11.0]
    Renderer: NVIDIA GeForce 920MX (ID=0x134f)
    Vendor:   
    VRAM:     2010 MB
    Driver:   27.21.14.6611
Initialize mono
Mono path[0] = 'C:/Program Files/Unity/Hub/Editor/2020.3.6f1/Editor/Data/Managed'
Mono path[1] = 'C:/Program Files/Unity/Hub/Editor/2020.3.6f1/Editor/Data/MonoBleedingEdge/lib/mono/unityjit'
Mono config path = 'C:/Program Files/Unity/Hub/Editor/2020.3.6f1/Editor/Data/MonoBleedingEdge/etc'
Using monoOptions --debugger-agent=transport=dt_socket,embedding=1,server=y,suspend=n,address=127.0.0.1:56588
Begin MonoManager ReloadAssembly
Registering precompiled unity dll's ...
Register platform support module: C:/Program Files/Unity/Hub/Editor/2020.3.6f1/Editor/Data/PlaybackEngines/WindowsStandaloneSupport/UnityEditor.WindowsStandalone.Extensions.dll
Registered in 0.002293 seconds.
Native extension for WindowsStandalone target not found
Refreshing native plugins compatible for Editor in 42.42 ms, found 1 plugins.
Preloading 0 native plugins for Editor in 0.00 ms.
Mono: successfully reloaded assembly
- Completed reload, in  2.081 seconds
Platform modules already initialized, skipping
Registering precompiled user dll's ...
Registered in 0.000881 seconds.
Begin MonoManager ReloadAssembly
Native extension for WindowsStandalone target not found
Refreshing native plugins compatible for Editor in 41.97 ms, found 1 plugins.
Preloading 0 native plugins for Editor in 0.00 ms.
Mono: successfully reloaded assembly
- Completed reload, in  1.235 seconds
Platform modules already initialized, skipping
========================================================================
Worker process is ready to serve import requests
Launched and connected shader compiler UnityShaderCompiler.exe after 0.05 seconds
Refreshing native plugins compatible for Editor in 0.42 ms, found 1 plugins.
Preloading 0 native plugins for Editor in 0.00 ms.
Unloading 1808 Unused Serialized files (Serialized files now loaded: 0)
System memory in use before: 84.9 MB.
System memory in use after: 84.9 MB.

Unloading 24 unused Assets to reduce memory usage. Loaded Objects now: 2250.
Total: 2.823300 ms (FindLiveObjects: 0.243400 ms CreateObjectMapping: 0.079900 ms MarkObjects: 2.335700 ms  DeleteObjects: 0.163200 ms)

========================================================================
Received Import Request.
  path: Assets
  artifactKey: Guid(00000000000000001000000000000000) Importer(815301076,1909f56bfc062723c751e8b465ee728b)
Start importing Assets using Guid(00000000000000001000000000000000) Importer(815301076,1909f56bfc062723c751e8b465ee728b)  -> (artifact id: '2c602d4445bd9e0e517b9a7c882a2249') in 0.016498 seconds
  Import took 0.063841 seconds .

========================================================================
Received Import Request.
  Time since last request: 9.175165 seconds.
  path: Assets/Sprites
  artifactKey: Guid(e8a2adebd9f5580439876ffe253fa718) Importer(815301076,1909f56bfc062723c751e8b465ee728b)
Start importing Assets/Sprites using Guid(e8a2adebd9f5580439876ffe253fa718) Importer(815301076,1909f56bfc062723c751e8b465ee728b)  -> (artifact id: 'e9101f735173d6849c7658c3840995e2') in 0.014862 seconds
  Import took 0.019815 seconds .

========================================================================
Received Import Request.
  Time since last request: 8.812638 seconds.
  path: Assets/Sem Título-2.png
  artifactKey: Guid(edd46b0b03fe1654f8983ac2e3c1d55b) Importer(815301076,1909f56bfc062723c751e8b465ee728b)
Start importing Assets/Sem Título-2.png using Guid(edd46b0b03fe1654f8983ac2e3c1d55b) Importer(815301076,1909f56bfc062723c751e8b465ee728b)  -> (artifact id: '3b89339e5574dea3d8d90fc3128bfa21') in 0.184090 seconds
  Import took 0.202486 seconds .

========================================================================
Received Import Request.
  Time since last request: 141.873086 seconds.
  path: Assets/Sprites/tilesets.PNG
  artifactKey: Guid(42d963a40f621244c8ea3f28f77ebaa9) Importer(815301076,1909f56bfc062723c751e8b465ee728b)
Start importing Assets/Sprites/tilesets.PNG using Guid(42d963a40f621244c8ea3f28f77ebaa9) Importer(815301076,1909f56bfc062723c751e8b465ee728b)  -> (artifact id: 'd0ef02da73881056f204ebe29b35db77') in 0.020655 seconds
  Import took 0.062646 seconds .

AssetImportWorkerClient::OnTransportError - code=2 error=End of file
